WARNING: Failed to find function "__sanitizer_acquire_crash_state".
WARNING: Failed to find function "__sanitizer_print_stack_trace".
WARNING: Failed to find function "__sanitizer_set_death_callback".
INFO: Running with entropic power schedule (0xFF, 100).
INFO: Seed: 2463832909
MERGE-OUTER: 39 files, 0 in the initial corpus, 0 processed earlier
MERGE-OUTER: attempt 1
WARNING: Failed to find function "__sanitizer_acquire_crash_state".
WARNING: Failed to find function "__sanitizer_print_stack_trace".
WARNING: Failed to find function "__sanitizer_set_death_callback".
INFO: Running with entropic power schedule (0xFF, 100).
INFO: Seed: 2463848010
INFO: -max_len is not provided; libFuzzer will not generate inputs larger than 1048576 bytes
MERGE-INNER: using the control file '/tmp/libFuzzerTemp.Merge69.txt'
MERGE-INNER: 39 total files; 0 processed earlier; will process 39 files now
#1	pulse  exec/s: 0 rss: 25Mb
#2	pulse  exec/s: 0 rss: 25Mb
#4	pulse  exec/s: 0 rss: 25Mb
#8	pulse  exec/s: 0 rss: 25Mb
#16	pulse  exec/s: 0 rss: 25Mb
#32	pulse  exec/s: 0 rss: 25Mb
#39	DONE   exec/s: 0 rss: 25Mb
MERGE-OUTER: successful in 1 attempt(s)
MERGE-OUTER: the control file has 4277 bytes
MERGE-OUTER: consumed 0Mb (26Mb rss) to parse the control file
MERGE-OUTER: 0 new files with 0 new features added; 0 new coverage edges
